<?xml version="1.0" encoding="UTF-8"?>
<!-- Generated by org.testng.reporters.JUnitXMLReporter -->
<testsuite hostname="LAPTOP-TK96QQBN" ignored="2" name="Regression" tests="3" failures="0" timestamp="2020-09-10T21:27:47 EDT" time="27.33" errors="0">
  <testcase name="invalidLogin" time="0.461" classname="com.hrms.testcases.LoginTest"/>
  <testcase name="invalidLogin" time="0.399" classname="com.hrms.testcases.LoginTest"/>
  <testcase name="invalidLogin" time="1.573" classname="com.hrms.testcases.LoginTest"/>
  <testcase name="validLogin" time="0.0" classname="com.hrms.testcases.LoginTest">
    <ignored/>
  </testcase> <!-- validLogin -->
  <testcase name="addEmployee" time="0.0" classname="com.hrms.testcases.AddEmployeesTest">
    <ignored/>
  </testcase> <!-- addEmployee -->
</testsuite> <!-- Regression -->
