<?xml version="1.0" encoding="UTF-8"?>
<!-- Generated by org.testng.reporters.JUnitXMLReporter -->
<testsuite hostname="LAPTOP-TK96QQBN" ignored="0" name="Default test" tests="4" failures="0" timestamp="2020-09-07T22:36:50 EDT" time="36.266" errors="0">
  <testcase name="invalidLogin" time="0.432" classname="com.hrms.testcases.LoginTest"/>
  <testcase name="invalidLogin" time="0.382" classname="com.hrms.testcases.LoginTest"/>
  <testcase name="invalidLogin" time="1.12" classname="com.hrms.testcases.LoginTest"/>
  <testcase name="validLogin" time="2.39" classname="com.hrms.testcases.LoginTest"/>
</testsuite> <!-- Default test -->
