<?xml version="1.0" encoding="UTF-8"?>
<!-- Generated by org.testng.reporters.JUnitXMLReporter -->
<testsuite hostname="LAPTOP-TK96QQBN" ignored="1" name="Regression" tests="3" failures="0" timestamp="2020-09-07T15:32:48 EDT" time="27.1" errors="0">
  <testcase name="invalidLogin" time="0.534" classname="com.hrms.testcases.LoginTest"/>
  <testcase name="invalidLogin" time="0.611" classname="com.hrms.testcases.LoginTest"/>
  <testcase name="invalidLogin" time="1.286" classname="com.hrms.testcases.LoginTest"/>
  <testcase name="validLogin" time="0.0" classname="com.hrms.testcases.LoginTest">
    <ignored/>
  </testcase> <!-- validLogin -->
</testsuite> <!-- Regression -->
