<?xml version="1.0" encoding="UTF-8"?>
<!-- Generated by org.testng.reporters.JUnitXMLReporter -->
<testsuite hostname="LAPTOP-TK96QQBN" ignored="1" name="Smoke" tests="2" failures="1" timestamp="2020-09-10T21:52:58 EDT" time="35.22" errors="0">
  <testcase name="addEmployee" time="9.654" classname="com.hrms.testcases.AddEmployeesTest">
    <failure type="java.lang.NullPointerException">
      <![CDATA[java.lang.NullPointerException
at com.hrms.utils.ExcelUtility.getCellData(ExcelUtility.java:46)
at com.hrms.utils.ExcelUtility.excelToListMap(ExcelUtility.java:58)
at com.hrms.testcases.AddEmployeesTest.addEmployee(AddEmployeesTest.java:29)
at java.util.ArrayList.forEach(ArrayList.java:1257)
... Removed 31 stack frames]]>
    </failure>
  </testcase> <!-- addEmployee -->
  <testcase name="validLogin" time="8.159" classname="com.hrms.testcases.LoginTest"/>
  <testcase name="invalidLogin" time="0.0" classname="com.hrms.testcases.LoginTest">
    <ignored/>
  </testcase> <!-- invalidLogin -->
</testsuite> <!-- Smoke -->
