<?xml version="1.0" encoding="UTF-8"?>
<testng-results skipped="0" failed="0" ignored="0" total="4" passed="4">
  <reporter-output>
  </reporter-output>
  <suite name="Default suite" duration-ms="36266" started-at="2020-09-07T22:36:14 EDT" finished-at="2020-09-07T22:36:50 EDT">
    <groups>
      <group name="regression">
        <method signature="LoginTest.invalidLogin(java.lang.String, java.lang.String, java.lang.String)[pri:0, instance:com.hrms.testcases.LoginTest@27a5f880]" name="invalidLogin" class="com.hrms.testcases.LoginTest"/>
      </group> <!-- regression -->
      <group name="smoke">
        <method signature="LoginTest.validLogin()[pri:0, instance:com.hrms.testcases.LoginTest@27a5f880]" name="validLogin" class="com.hrms.testcases.LoginTest"/>
      </group> <!-- smoke -->
    </groups>
    <test name="Default test" duration-ms="36266" started-at="2020-09-07T22:36:14 EDT" finished-at="2020-09-07T22:36:50 EDT">
      <class name="com.hrms.testcases.LoginTest">
        <test-method status="PASS" signature="setUp()[pri:0, instance:com.hrms.testcases.LoginTest@27a5f880]" name="setUp" is-config="true" duration-ms="7528" started-at="2020-09-07T22:36:14 EDT" finished-at="2020-09-07T22:36:22 EDT">
          <reporter-output>
          </reporter-output>
        </test-method> <!-- setUp -->
        <test-method status="PASS" signature="invalidLogin(java.lang.String, java.lang.String, java.lang.String)[pri:0, instance:com.hrms.testcases.LoginTest@27a5f880]" name="invalidLogin" duration-ms="432" started-at="2020-09-07T22:36:22 EDT" data-provider="getData" finished-at="2020-09-07T22:36:22 EDT">
          <params>
            <param index="0">
              <value>
                <![CDATA[]]>
              </value>
            </param>
            <param index="1">
              <value>
                <![CDATA[Hum@nhrm123]]>
              </value>
            </param>
            <param index="2">
              <value>
                <![CDATA[Username cannot be empty]]>
              </value>
            </param>
          </params>
          <reporter-output>
          </reporter-output>
        </test-method> <!-- invalidLogin -->
        <test-method status="PASS" signature="tearDown()[pri:0, instance:com.hrms.testcases.LoginTest@27a5f880]" name="tearDown" is-config="true" duration-ms="645" started-at="2020-09-07T22:36:22 EDT" finished-at="2020-09-07T22:36:23 EDT">
          <reporter-output>
          </reporter-output>
        </test-method> <!-- tearDown -->
        <test-method status="PASS" signature="setUp()[pri:0, instance:com.hrms.testcases.LoginTest@27a5f880]" name="setUp" is-config="true" duration-ms="6680" started-at="2020-09-07T22:36:23 EDT" finished-at="2020-09-07T22:36:29 EDT">
          <reporter-output>
          </reporter-output>
        </test-method> <!-- setUp -->
        <test-method status="PASS" signature="invalidLogin(java.lang.String, java.lang.String, java.lang.String)[pri:0, instance:com.hrms.testcases.LoginTest@27a5f880]" name="invalidLogin" duration-ms="382" started-at="2020-09-07T22:36:29 EDT" data-provider="getData" finished-at="2020-09-07T22:36:30 EDT">
          <params>
            <param index="0">
              <value>
                <![CDATA[Admin]]>
              </value>
            </param>
            <param index="1">
              <value>
                <![CDATA[]]>
              </value>
            </param>
            <param index="2">
              <value>
                <![CDATA[Password cannot be empty]]>
              </value>
            </param>
          </params>
          <reporter-output>
          </reporter-output>
        </test-method> <!-- invalidLogin -->
        <test-method status="PASS" signature="tearDown()[pri:0, instance:com.hrms.testcases.LoginTest@27a5f880]" name="tearDown" is-config="true" duration-ms="1124" started-at="2020-09-07T22:36:30 EDT" finished-at="2020-09-07T22:36:31 EDT">
          <reporter-output>
          </reporter-output>
        </test-method> <!-- tearDown -->
        <test-method status="PASS" signature="setUp()[pri:0, instance:com.hrms.testcases.LoginTest@27a5f880]" name="setUp" is-config="true" duration-ms="7275" started-at="2020-09-07T22:36:31 EDT" finished-at="2020-09-07T22:36:38 EDT">
          <reporter-output>
          </reporter-output>
        </test-method> <!-- setUp -->
        <test-method status="PASS" signature="invalidLogin(java.lang.String, java.lang.String, java.lang.String)[pri:0, instance:com.hrms.testcases.LoginTest@27a5f880]" name="invalidLogin" duration-ms="1120" started-at="2020-09-07T22:36:38 EDT" data-provider="getData" finished-at="2020-09-07T22:36:39 EDT">
          <params>
            <param index="0">
              <value>
                <![CDATA[Admin]]>
              </value>
            </param>
            <param index="1">
              <value>
                <![CDATA[123]]>
              </value>
            </param>
            <param index="2">
              <value>
                <![CDATA[Invalid credentials]]>
              </value>
            </param>
          </params>
          <reporter-output>
          </reporter-output>
        </test-method> <!-- invalidLogin -->
        <test-method status="PASS" signature="tearDown()[pri:0, instance:com.hrms.testcases.LoginTest@27a5f880]" name="tearDown" is-config="true" duration-ms="634" started-at="2020-09-07T22:36:39 EDT" finished-at="2020-09-07T22:36:40 EDT">
          <reporter-output>
          </reporter-output>
        </test-method> <!-- tearDown -->
        <test-method status="PASS" signature="setUp()[pri:0, instance:com.hrms.testcases.LoginTest@27a5f880]" name="setUp" is-config="true" duration-ms="7362" started-at="2020-09-07T22:36:40 EDT" finished-at="2020-09-07T22:36:47 EDT">
          <reporter-output>
          </reporter-output>
        </test-method> <!-- setUp -->
        <test-method status="PASS" signature="validLogin()[pri:0, instance:com.hrms.testcases.LoginTest@27a5f880]" name="validLogin" duration-ms="2390" started-at="2020-09-07T22:36:47 EDT" finished-at="2020-09-07T22:36:50 EDT">
          <reporter-output>
          </reporter-output>
        </test-method> <!-- validLogin -->
        <test-method status="PASS" signature="tearDown()[pri:0, instance:com.hrms.testcases.LoginTest@27a5f880]" name="tearDown" is-config="true" duration-ms="637" started-at="2020-09-07T22:36:50 EDT" finished-at="2020-09-07T22:36:50 EDT">
          <reporter-output>
          </reporter-output>
        </test-method> <!-- tearDown -->
      </class> <!-- com.hrms.testcases.LoginTest -->
    </test> <!-- Default test -->
  </suite> <!-- Default suite -->
</testng-results>
