<?xml version="1.0" encoding="UTF-8"?>
<!-- Generated by org.testng.reporters.JUnitXMLReporter -->
<testsuite hostname="LAPTOP-TK96QQBN" ignored="1" name="Smoke" tests="2" failures="1" timestamp="2020-09-10T20:00:05 EDT" time="30.245" errors="0">
  <testcase name="addEmployee" time="7.974" classname="com.hrms.testcases.AddEmployeesTest">
    <failure type="java.lang.NullPointerException">
      <![CDATA[java.lang.NullPointerException
at com.hrms.utils.ExcelUtility.getCellData(ExcelUtility.java:46)
at com.hrms.utils.ExcelUtility.excelToListMap(ExcelUtility.java:58)
at com.hrms.testcases.AddEmployeesTest.addEmployee(AddEmployeesTest.java:29)
at java.util.ArrayList.forEach(Unknown Source)
... Removed 27 stack frames]]>
    </failure>
  </testcase> <!-- addEmployee -->
  <testcase name="validLogin" time="3.139" classname="com.hrms.testcases.LoginTest"/>
  <testcase name="invalidLogin" time="0.0" classname="com.hrms.testcases.LoginTest">
    <ignored/>
  </testcase> <!-- invalidLogin -->
</testsuite> <!-- Smoke -->
